<?xml version="1.0" encoding="UTF-8"?>
<testsuite xmlns:xsi="http://www.w3.org/2001/XMLSchema-instance" xsi:noNamespaceSchemaLocation="https://maven.apache.org/surefire/maven-surefire-plugin/xsd/surefire-test-report-3.0.xsd" version="3.0" name="com.khoffylabs.StreamLambdaHandlerTest" time="8.683" tests="2" errors="0" skipped="0" failures="0">
  <properties>
    <property name="java.specification.version" value="17"/>
    <property name="sun.jnu.encoding" value="UTF-8"/>
    <property name="java.class.path" value="/home/khoffy/VsCode/Maven/catalog-serverless-app/target/test-classes:/home/khoffy/VsCode/Maven/catalog-serverless-app/target/classes:/home/khoffy/.m2/repository/com/amazonaws/serverless/aws-serverless-java-container-springboot3/2.0.0-M1/aws-serverless-java-container-springboot3-2.0.0-M1.jar:/home/khoffy/.m2/repository/com/amazonaws/serverless/aws-serverless-java-container-core/2.0.0-M1/aws-serverless-java-container-core-2.0.0-M1.jar:/home/khoffy/.m2/repository/org/slf4j/slf4j-api/2.0.7/slf4j-api-2.0.7.jar:/home/khoffy/.m2/repository/com/amazonaws/serverless/aws-serverless-java-container-core/2.0.0-M1/aws-serverless-java-container-core-2.0.0-M1-tests.jar:/home/khoffy/.m2/repository/com/amazonaws/aws-lambda-java-core/1.2.2/aws-lambda-java-core-1.2.2.jar:/home/khoffy/.m2/repository/jakarta/servlet/jakarta.servlet-api/6.0.0/jakarta.servlet-api-6.0.0.jar:/home/khoffy/.m2/repository/jakarta/ws/rs/jakarta.ws.rs-api/3.1.0/jakarta.ws.rs-api-3.1.0.jar:/home/khoffy/.m2/repository/com/fasterxml/jackson/core/jackson-databind/2.15.0/jackson-databind-2.15.0.jar:/home/khoffy/.m2/repository/com/fasterxml/jackson/core/jackson-annotations/2.15.0/jackson-annotations-2.15.0.jar:/home/khoffy/.m2/repository/com/fasterxml/jackson/core/jackson-core/2.15.0/jackson-core-2.15.0.jar:/home/khoffy/.m2/repository/com/fasterxml/jackson/module/jackson-module-afterburner/2.15.0/jackson-module-afterburner-2.15.0.jar:/home/khoffy/.m2/repository/commons-io/commons-io/2.12.0/commons-io-2.12.0.jar:/home/khoffy/.m2/repository/org/apache/httpcomponents/client5/httpclient5/5.2.1/httpclient5-5.2.1.jar:/home/khoffy/.m2/repository/org/apache/httpcomponents/core5/httpcore5/5.2.1/httpcore5-5.2.1.jar:/home/khoffy/.m2/repository/org/apache/httpcomponents/core5/httpcore5-h2/5.2.1/httpcore5-h2-5.2.1.jar:/home/khoffy/.m2/repository/org/springframework/boot/spring-boot-starter-web/3.1.0/spring-boot-starter-web-3.1.0.jar:/home/khoffy/.m2/repository/org/springframework/boot/spring-boot-starter/3.1.0/spring-boot-starter-3.1.0.jar:/home/khoffy/.m2/repository/org/springframework/boot/spring-boot/3.1.0/spring-boot-3.1.0.jar:/home/khoffy/.m2/repository/org/springframework/boot/spring-boot-autoconfigure/3.1.0/spring-boot-autoconfigure-3.1.0.jar:/home/khoffy/.m2/repository/org/springframework/boot/spring-boot-starter-logging/3.1.0/spring-boot-starter-logging-3.1.0.jar:/home/khoffy/.m2/repository/ch/qos/logback/logback-classic/1.4.7/logback-classic-1.4.7.jar:/home/khoffy/.m2/repository/ch/qos/logback/logback-core/1.4.7/logback-core-1.4.7.jar:/home/khoffy/.m2/repository/org/apache/logging/log4j/log4j-to-slf4j/2.20.0/log4j-to-slf4j-2.20.0.jar:/home/khoffy/.m2/repository/org/apache/logging/log4j/log4j-api/2.20.0/log4j-api-2.20.0.jar:/home/khoffy/.m2/repository/org/slf4j/jul-to-slf4j/2.0.7/jul-to-slf4j-2.0.7.jar:/home/khoffy/.m2/repository/jakarta/annotation/jakarta.annotation-api/2.1.1/jakarta.annotation-api-2.1.1.jar:/home/khoffy/.m2/repository/org/springframework/spring-core/6.0.9/spring-core-6.0.9.jar:/home/khoffy/.m2/repository/org/springframework/spring-jcl/6.0.9/spring-jcl-6.0.9.jar:/home/khoffy/.m2/repository/org/yaml/snakeyaml/1.33/snakeyaml-1.33.jar:/home/khoffy/.m2/repository/org/springframework/boot/spring-boot-starter-json/3.1.0/spring-boot-starter-json-3.1.0.jar:/home/khoffy/.m2/repository/com/fasterxml/jackson/datatype/jackson-datatype-jdk8/2.15.0/jackson-datatype-jdk8-2.15.0.jar:/home/khoffy/.m2/repository/com/fasterxml/jackson/datatype/jackson-datatype-jsr310/2.15.0/jackson-datatype-jsr310-2.15.0.jar:/home/khoffy/.m2/repository/com/fasterxml/jackson/module/jackson-module-parameter-names/2.15.0/jackson-module-parameter-names-2.15.0.jar:/home/khoffy/.m2/repository/org/springframework/spring-web/6.0.9/spring-web-6.0.9.jar:/home/khoffy/.m2/repository/org/springframework/spring-beans/6.0.9/spring-beans-6.0.9.jar:/home/khoffy/.m2/repository/io/micrometer/micrometer-observation/1.11.0/micrometer-observation-1.11.0.jar:/home/khoffy/.m2/repository/io/micrometer/micrometer-commons/1.11.0/micrometer-commons-1.11.0.jar:/home/khoffy/.m2/repository/org/springframework/spring-webmvc/6.0.9/spring-webmvc-6.0.9.jar:/home/khoffy/.m2/repository/org/springframework/spring-aop/6.0.9/spring-aop-6.0.9.jar:/home/khoffy/.m2/repository/org/springframework/spring-context/6.0.9/spring-context-6.0.9.jar:/home/khoffy/.m2/repository/org/springframework/spring-expression/6.0.9/spring-expression-6.0.9.jar:/home/khoffy/.m2/repository/org/springframework/boot/spring-boot-starter-data-jpa/3.1.0/spring-boot-starter-data-jpa-3.1.0.jar:/home/khoffy/.m2/repository/org/springframework/boot/spring-boot-starter-aop/3.1.0/spring-boot-starter-aop-3.1.0.jar:/home/khoffy/.m2/repository/org/aspectj/aspectjweaver/1.9.19/aspectjweaver-1.9.19.jar:/home/khoffy/.m2/repository/org/springframework/boot/spring-boot-starter-jdbc/3.1.0/spring-boot-starter-jdbc-3.1.0.jar:/home/khoffy/.m2/repository/com/zaxxer/HikariCP/5.0.1/HikariCP-5.0.1.jar:/home/khoffy/.m2/repository/org/springframework/spring-jdbc/6.0.9/spring-jdbc-6.0.9.jar:/home/khoffy/.m2/repository/org/hibernate/orm/hibernate-core/6.2.2.Final/hibernate-core-6.2.2.Final.jar:/home/khoffy/.m2/repository/jakarta/persistence/jakarta.persistence-api/3.1.0/jakarta.persistence-api-3.1.0.jar:/home/khoffy/.m2/repository/jakarta/transaction/jakarta.transaction-api/2.0.1/jakarta.transaction-api-2.0.1.jar:/home/khoffy/.m2/repository/org/jboss/logging/jboss-logging/3.5.0.Final/jboss-logging-3.5.0.Final.jar:/home/khoffy/.m2/repository/org/hibernate/common/hibernate-commons-annotations/6.0.6.Final/hibernate-commons-annotations-6.0.6.Final.jar:/home/khoffy/.m2/repository/io/smallrye/jandex/3.0.5/jandex-3.0.5.jar:/home/khoffy/.m2/repository/com/fasterxml/classmate/1.5.1/classmate-1.5.1.jar:/home/khoffy/.m2/repository/net/bytebuddy/byte-buddy/1.14.4/byte-buddy-1.14.4.jar:/home/khoffy/.m2/repository/jakarta/xml/bind/jakarta.xml.bind-api/4.0.0/jakarta.xml.bind-api-4.0.0.jar:/home/khoffy/.m2/repository/jakarta/activation/jakarta.activation-api/2.1.2/jakarta.activation-api-2.1.2.jar:/home/khoffy/.m2/repository/org/glassfish/jaxb/jaxb-runtime/4.0.2/jaxb-runtime-4.0.2.jar:/home/khoffy/.m2/repository/org/glassfish/jaxb/jaxb-core/4.0.2/jaxb-core-4.0.2.jar:/home/khoffy/.m2/repository/org/eclipse/angus/angus-activation/2.0.0/angus-activation-2.0.0.jar:/home/khoffy/.m2/repository/org/glassfish/jaxb/txw2/4.0.2/txw2-4.0.2.jar:/home/khoffy/.m2/repository/com/sun/istack/istack-commons-runtime/4.1.1/istack-commons-runtime-4.1.1.jar:/home/khoffy/.m2/repository/jakarta/inject/jakarta.inject-api/2.0.1/jakarta.inject-api-2.0.1.jar:/home/khoffy/.m2/repository/org/antlr/antlr4-runtime/4.10.1/antlr4-runtime-4.10.1.jar:/home/khoffy/.m2/repository/org/springframework/data/spring-data-jpa/3.1.0/spring-data-jpa-3.1.0.jar:/home/khoffy/.m2/repository/org/springframework/data/spring-data-commons/3.1.0/spring-data-commons-3.1.0.jar:/home/khoffy/.m2/repository/org/springframework/spring-orm/6.0.9/spring-orm-6.0.9.jar:/home/khoffy/.m2/repository/org/springframework/spring-tx/6.0.9/spring-tx-6.0.9.jar:/home/khoffy/.m2/repository/org/springframework/spring-aspects/6.0.9/spring-aspects-6.0.9.jar:/home/khoffy/.m2/repository/org/projectlombok/lombok/1.18.26/lombok-1.18.26.jar:/home/khoffy/.m2/repository/com/h2database/h2/2.1.214/h2-2.1.214.jar:/home/khoffy/.m2/repository/junit/junit/4.13.2/junit-4.13.2.jar:/home/khoffy/.m2/repository/org/hamcrest/hamcrest-core/2.2/hamcrest-core-2.2.jar:/home/khoffy/.m2/repository/org/hamcrest/hamcrest/2.2/hamcrest-2.2.jar:"/>
    <property name="java.vm.vendor" value="Private Build"/>
    <property name="sun.arch.data.model" value="64"/>
    <property name="java.vendor.url" value="Unknown"/>
    <property name="os.name" value="Linux"/>
    <property name="java.vm.specification.version" value="17"/>
    <property name="sun.java.launcher" value="SUN_STANDARD"/>
    <property name="sun.boot.library.path" value="/usr/lib/jvm/java-17-openjdk-amd64/lib"/>
    <property name="sun.java.command" value="/home/khoffy/VsCode/Maven/catalog-serverless-app/target/surefire/surefirebooter-20230926010803524_3.jar /home/khoffy/VsCode/Maven/catalog-serverless-app/target/surefire 2023-09-26T01-08-03_110-jvmRun1 surefire-20230926010803524_1tmp surefire_0-20230926010803524_2tmp"/>
    <property name="jdk.debug" value="release"/>
    <property name="surefire.test.class.path" value="/home/khoffy/VsCode/Maven/catalog-serverless-app/target/test-classes:/home/khoffy/VsCode/Maven/catalog-serverless-app/target/classes:/home/khoffy/.m2/repository/com/amazonaws/serverless/aws-serverless-java-container-springboot3/2.0.0-M1/aws-serverless-java-container-springboot3-2.0.0-M1.jar:/home/khoffy/.m2/repository/com/amazonaws/serverless/aws-serverless-java-container-core/2.0.0-M1/aws-serverless-java-container-core-2.0.0-M1.jar:/home/khoffy/.m2/repository/org/slf4j/slf4j-api/2.0.7/slf4j-api-2.0.7.jar:/home/khoffy/.m2/repository/com/amazonaws/serverless/aws-serverless-java-container-core/2.0.0-M1/aws-serverless-java-container-core-2.0.0-M1-tests.jar:/home/khoffy/.m2/repository/com/amazonaws/aws-lambda-java-core/1.2.2/aws-lambda-java-core-1.2.2.jar:/home/khoffy/.m2/repository/jakarta/servlet/jakarta.servlet-api/6.0.0/jakarta.servlet-api-6.0.0.jar:/home/khoffy/.m2/repository/jakarta/ws/rs/jakarta.ws.rs-api/3.1.0/jakarta.ws.rs-api-3.1.0.jar:/home/khoffy/.m2/repository/com/fasterxml/jackson/core/jackson-databind/2.15.0/jackson-databind-2.15.0.jar:/home/khoffy/.m2/repository/com/fasterxml/jackson/core/jackson-annotations/2.15.0/jackson-annotations-2.15.0.jar:/home/khoffy/.m2/repository/com/fasterxml/jackson/core/jackson-core/2.15.0/jackson-core-2.15.0.jar:/home/khoffy/.m2/repository/com/fasterxml/jackson/module/jackson-module-afterburner/2.15.0/jackson-module-afterburner-2.15.0.jar:/home/khoffy/.m2/repository/commons-io/commons-io/2.12.0/commons-io-2.12.0.jar:/home/khoffy/.m2/repository/org/apache/httpcomponents/client5/httpclient5/5.2.1/httpclient5-5.2.1.jar:/home/khoffy/.m2/repository/org/apache/httpcomponents/core5/httpcore5/5.2.1/httpcore5-5.2.1.jar:/home/khoffy/.m2/repository/org/apache/httpcomponents/core5/httpcore5-h2/5.2.1/httpcore5-h2-5.2.1.jar:/home/khoffy/.m2/repository/org/springframework/boot/spring-boot-starter-web/3.1.0/spring-boot-starter-web-3.1.0.jar:/home/khoffy/.m2/repository/org/springframework/boot/spring-boot-starter/3.1.0/spring-boot-starter-3.1.0.jar:/home/khoffy/.m2/repository/org/springframework/boot/spring-boot/3.1.0/spring-boot-3.1.0.jar:/home/khoffy/.m2/repository/org/springframework/boot/spring-boot-autoconfigure/3.1.0/spring-boot-autoconfigure-3.1.0.jar:/home/khoffy/.m2/repository/org/springframework/boot/spring-boot-starter-logging/3.1.0/spring-boot-starter-logging-3.1.0.jar:/home/khoffy/.m2/repository/ch/qos/logback/logback-classic/1.4.7/logback-classic-1.4.7.jar:/home/khoffy/.m2/repository/ch/qos/logback/logback-core/1.4.7/logback-core-1.4.7.jar:/home/khoffy/.m2/repository/org/apache/logging/log4j/log4j-to-slf4j/2.20.0/log4j-to-slf4j-2.20.0.jar:/home/khoffy/.m2/repository/org/apache/logging/log4j/log4j-api/2.20.0/log4j-api-2.20.0.jar:/home/khoffy/.m2/repository/org/slf4j/jul-to-slf4j/2.0.7/jul-to-slf4j-2.0.7.jar:/home/khoffy/.m2/repository/jakarta/annotation/jakarta.annotation-api/2.1.1/jakarta.annotation-api-2.1.1.jar:/home/khoffy/.m2/repository/org/springframework/spring-core/6.0.9/spring-core-6.0.9.jar:/home/khoffy/.m2/repository/org/springframework/spring-jcl/6.0.9/spring-jcl-6.0.9.jar:/home/khoffy/.m2/repository/org/yaml/snakeyaml/1.33/snakeyaml-1.33.jar:/home/khoffy/.m2/repository/org/springframework/boot/spring-boot-starter-json/3.1.0/spring-boot-starter-json-3.1.0.jar:/home/khoffy/.m2/repository/com/fasterxml/jackson/datatype/jackson-datatype-jdk8/2.15.0/jackson-datatype-jdk8-2.15.0.jar:/home/khoffy/.m2/repository/com/fasterxml/jackson/datatype/jackson-datatype-jsr310/2.15.0/jackson-datatype-jsr310-2.15.0.jar:/home/khoffy/.m2/repository/com/fasterxml/jackson/module/jackson-module-parameter-names/2.15.0/jackson-module-parameter-names-2.15.0.jar:/home/khoffy/.m2/repository/org/springframework/spring-web/6.0.9/spring-web-6.0.9.jar:/home/khoffy/.m2/repository/org/springframework/spring-beans/6.0.9/spring-beans-6.0.9.jar:/home/khoffy/.m2/repository/io/micrometer/micrometer-observation/1.11.0/micrometer-observation-1.11.0.jar:/home/khoffy/.m2/repository/io/micrometer/micrometer-commons/1.11.0/micrometer-commons-1.11.0.jar:/home/khoffy/.m2/repository/org/springframework/spring-webmvc/6.0.9/spring-webmvc-6.0.9.jar:/home/khoffy/.m2/repository/org/springframework/spring-aop/6.0.9/spring-aop-6.0.9.jar:/home/khoffy/.m2/repository/org/springframework/spring-context/6.0.9/spring-context-6.0.9.jar:/home/khoffy/.m2/repository/org/springframework/spring-expression/6.0.9/spring-expression-6.0.9.jar:/home/khoffy/.m2/repository/org/springframework/boot/spring-boot-starter-data-jpa/3.1.0/spring-boot-starter-data-jpa-3.1.0.jar:/home/khoffy/.m2/repository/org/springframework/boot/spring-boot-starter-aop/3.1.0/spring-boot-starter-aop-3.1.0.jar:/home/khoffy/.m2/repository/org/aspectj/aspectjweaver/1.9.19/aspectjweaver-1.9.19.jar:/home/khoffy/.m2/repository/org/springframework/boot/spring-boot-starter-jdbc/3.1.0/spring-boot-starter-jdbc-3.1.0.jar:/home/khoffy/.m2/repository/com/zaxxer/HikariCP/5.0.1/HikariCP-5.0.1.jar:/home/khoffy/.m2/repository/org/springframework/spring-jdbc/6.0.9/spring-jdbc-6.0.9.jar:/home/khoffy/.m2/repository/org/hibernate/orm/hibernate-core/6.2.2.Final/hibernate-core-6.2.2.Final.jar:/home/khoffy/.m2/repository/jakarta/persistence/jakarta.persistence-api/3.1.0/jakarta.persistence-api-3.1.0.jar:/home/khoffy/.m2/repository/jakarta/transaction/jakarta.transaction-api/2.0.1/jakarta.transaction-api-2.0.1.jar:/home/khoffy/.m2/repository/org/jboss/logging/jboss-logging/3.5.0.Final/jboss-logging-3.5.0.Final.jar:/home/khoffy/.m2/repository/org/hibernate/common/hibernate-commons-annotations/6.0.6.Final/hibernate-commons-annotations-6.0.6.Final.jar:/home/khoffy/.m2/repository/io/smallrye/jandex/3.0.5/jandex-3.0.5.jar:/home/khoffy/.m2/repository/com/fasterxml/classmate/1.5.1/classmate-1.5.1.jar:/home/khoffy/.m2/repository/net/bytebuddy/byte-buddy/1.14.4/byte-buddy-1.14.4.jar:/home/khoffy/.m2/repository/jakarta/xml/bind/jakarta.xml.bind-api/4.0.0/jakarta.xml.bind-api-4.0.0.jar:/home/khoffy/.m2/repository/jakarta/activation/jakarta.activation-api/2.1.2/jakarta.activation-api-2.1.2.jar:/home/khoffy/.m2/repository/org/glassfish/jaxb/jaxb-runtime/4.0.2/jaxb-runtime-4.0.2.jar:/home/khoffy/.m2/repository/org/glassfish/jaxb/jaxb-core/4.0.2/jaxb-core-4.0.2.jar:/home/khoffy/.m2/repository/org/eclipse/angus/angus-activation/2.0.0/angus-activation-2.0.0.jar:/home/khoffy/.m2/repository/org/glassfish/jaxb/txw2/4.0.2/txw2-4.0.2.jar:/home/khoffy/.m2/repository/com/sun/istack/istack-commons-runtime/4.1.1/istack-commons-runtime-4.1.1.jar:/home/khoffy/.m2/repository/jakarta/inject/jakarta.inject-api/2.0.1/jakarta.inject-api-2.0.1.jar:/home/khoffy/.m2/repository/org/antlr/antlr4-runtime/4.10.1/antlr4-runtime-4.10.1.jar:/home/khoffy/.m2/repository/org/springframework/data/spring-data-jpa/3.1.0/spring-data-jpa-3.1.0.jar:/home/khoffy/.m2/repository/org/springframework/data/spring-data-commons/3.1.0/spring-data-commons-3.1.0.jar:/home/khoffy/.m2/repository/org/springframework/spring-orm/6.0.9/spring-orm-6.0.9.jar:/home/khoffy/.m2/repository/org/springframework/spring-tx/6.0.9/spring-tx-6.0.9.jar:/home/khoffy/.m2/repository/org/springframework/spring-aspects/6.0.9/spring-aspects-6.0.9.jar:/home/khoffy/.m2/repository/org/projectlombok/lombok/1.18.26/lombok-1.18.26.jar:/home/khoffy/.m2/repository/com/h2database/h2/2.1.214/h2-2.1.214.jar:/home/khoffy/.m2/repository/junit/junit/4.13.2/junit-4.13.2.jar:/home/khoffy/.m2/repository/org/hamcrest/hamcrest-core/2.2/hamcrest-core-2.2.jar:/home/khoffy/.m2/repository/org/hamcrest/hamcrest/2.2/hamcrest-2.2.jar:"/>
    <property name="sun.cpu.endian" value="little"/>
    <property name="user.home" value="/home/khoffy"/>
    <property name="user.language" value="en"/>
    <property name="java.specification.vendor" value="Oracle Corporation"/>
    <property name="java.version.date" value="2023-08-24"/>
    <property name="java.home" value="/usr/lib/jvm/java-17-openjdk-amd64"/>
    <property name="file.separator" value="/"/>
    <property name="basedir" value="/home/khoffy/VsCode/Maven/catalog-serverless-app"/>
    <property name="java.vm.compressedOopsMode" value="32-bit"/>
    <property name="line.separator" value="&#10;"/>
    <property name="java.vm.specification.vendor" value="Oracle Corporation"/>
    <property name="java.specification.name" value="Java Platform API Specification"/>
    <property name="surefire.real.class.path" value="/home/khoffy/VsCode/Maven/catalog-serverless-app/target/surefire/surefirebooter-20230926010803524_3.jar"/>
    <property name="sun.management.compiler" value="HotSpot 64-Bit Tiered Compilers"/>
    <property name="java.runtime.version" value="17.0.8.1+1-Ubuntu-0ubuntu122.04"/>
    <property name="user.name" value="khoffy"/>
    <property name="path.separator" value=":"/>
    <property name="os.version" value="5.15.90.1-microsoft-standard-WSL2"/>
    <property name="java.runtime.name" value="OpenJDK Runtime Environment"/>
    <property name="file.encoding" value="UTF-8"/>
    <property name="java.vm.name" value="OpenJDK 64-Bit Server VM"/>
    <property name="localRepository" value="/home/khoffy/.m2/repository"/>
    <property name="java.vendor.url.bug" value="Unknown"/>
    <property name="java.io.tmpdir" value="/tmp"/>
    <property name="java.version" value="17.0.8.1"/>
    <property name="user.dir" value="/home/khoffy/VsCode/Maven/catalog-serverless-app"/>
    <property name="os.arch" value="amd64"/>
    <property name="java.vm.specification.name" value="Java Virtual Machine Specification"/>
    <property name="native.encoding" value="UTF-8"/>
    <property name="java.library.path" value="/usr/java/packages/lib:/usr/lib/x86_64-linux-gnu/jni:/lib/x86_64-linux-gnu:/usr/lib/x86_64-linux-gnu:/usr/lib/jni:/lib:/usr/lib"/>
    <property name="java.vm.info" value="mixed mode, sharing"/>
    <property name="java.vendor" value="Private Build"/>
    <property name="java.vm.version" value="17.0.8.1+1-Ubuntu-0ubuntu122.04"/>
    <property name="sun.io.unicode.encoding" value="UnicodeLittle"/>
    <property name="java.class.version" value="61.0"/>
  </properties>
  <testcase name="ping_streamRequest_respondsWithHello" classname="com.khoffylabs.StreamLambdaHandlerTest" time="0.291">
    <system-out><![CDATA[01:08:06.073 [main] INFO com.amazonaws.serverless.proxy.internal.LambdaContainerHandler -- Starting Lambda Container Handler

  .   ____          _            __ _ _
 /\\ / ___'_ __ _ _(_)_ __  __ _ \ \ \ \
( ( )\___ | '_ | '_| | '_ \/ _` | \ \ \ \
 \\/  ___)| |_)| | | | | || (_| |  ) ) ) )
  '  |____| .__|_| |_|_| |_\__, | / / / /
 =========|_|==============|___/=/_/_/_/
 :: Spring Boot ::                (v3.1.0)

2023-09-26T01:08:07.460-05:00  INFO 1213 --- [           main] o.a.maven.surefire.booter.ForkedBooter   : Starting ForkedBooter v3.0.0 using Java 17.0.8.1 with PID 1213 (started by khoffy in /home/khoffy/VsCode/Maven/catalog-serverless-app)
2023-09-26T01:08:07.464-05:00  INFO 1213 --- [           main] o.a.maven.surefire.booter.ForkedBooter   : No active profile set, falling back to 1 default profile: "default"
2023-09-26T01:08:08.255-05:00  INFO 1213 --- [           main] .s.d.r.c.RepositoryConfigurationDelegate : Bootstrapping Spring Data JPA repositories in DEFAULT mode.
2023-09-26T01:08:08.325-05:00  INFO 1213 --- [           main] .s.d.r.c.RepositoryConfigurationDelegate : Finished Spring Data repository scanning in 60 ms. Found 1 JPA repository interfaces.
2023-09-26T01:08:08.740-05:00  INFO 1213 --- [           main] c.a.s.p.i.servlet.AwsServletContext      : Initializing Spring embedded WebApplicationContext
2023-09-26T01:08:08.744-05:00  INFO 1213 --- [           main] w.s.c.ServletWebServerApplicationContext : Root WebApplicationContext: initialization completed in 1187 ms
2023-09-26T01:08:09.026-05:00  INFO 1213 --- [           main] com.zaxxer.hikari.HikariDataSource       : HikariPool-1 - Starting...
2023-09-26T01:08:09.431-05:00  INFO 1213 --- [           main] com.zaxxer.hikari.pool.HikariPool        : HikariPool-1 - Added connection conn0: url=jdbc:h2:mem:cdd485cf-3615-4d83-b0ad-43e8612075db user=SA
2023-09-26T01:08:09.433-05:00  INFO 1213 --- [           main] com.zaxxer.hikari.HikariDataSource       : HikariPool-1 - Start completed.
2023-09-26T01:08:09.528-05:00  INFO 1213 --- [           main] o.hibernate.jpa.internal.util.LogHelper  : HHH000204: Processing PersistenceUnitInfo [name: default]
2023-09-26T01:08:09.677-05:00  INFO 1213 --- [           main] org.hibernate.Version                    : HHH000412: Hibernate ORM core version 6.2.2.Final
2023-09-26T01:08:09.679-05:00  INFO 1213 --- [           main] org.hibernate.cfg.Environment            : HHH000406: Using bytecode reflection optimizer
2023-09-26T01:08:09.990-05:00  INFO 1213 --- [           main] o.h.b.i.BytecodeProviderInitiator        : HHH000021: Bytecode provider name : bytebuddy
2023-09-26T01:08:10.260-05:00  INFO 1213 --- [           main] o.s.o.j.p.SpringPersistenceUnitInfo      : No LoadTimeWeaver setup: ignoring JPA class transformer
2023-09-26T01:08:10.367-05:00  INFO 1213 --- [           main] org.hibernate.orm.dialect                : HHH035001: Using dialect: org.hibernate.dialect.H2Dialect, version: 2.1.214
2023-09-26T01:08:10.685-05:00  INFO 1213 --- [           main] o.h.b.i.BytecodeProviderInitiator        : HHH000021: Bytecode provider name : bytebuddy
2023-09-26T01:08:11.634-05:00  INFO 1213 --- [           main] o.h.e.t.j.p.i.JtaPlatformInitiator       : HHH000490: Using JtaPlatform implementation: [org.hibernate.engine.transaction.jta.platform.internal.NoJtaPlatform]
2023-09-26T01:08:11.692-05:00  INFO 1213 --- [           main] o.h.t.s.i.e.GenerationTargetToDatabase   : HHH000476: Executing script '[injected ScriptSourceInputNonExistentImpl script]'
2023-09-26T01:08:11.696-05:00  INFO 1213 --- [           main] j.LocalContainerEntityManagerFactoryBean : Initialized JPA EntityManagerFactory for persistence unit 'default'
2023-09-26T01:08:12.276-05:00  WARN 1213 --- [           main] JpaBaseConfiguration$JpaWebConfiguration : spring.jpa.open-in-view is enabled by default. Therefore, database queries may be performed during view rendering. Explicitly configure spring.jpa.open-in-view to disable this warning
2023-09-26T01:08:12.990-05:00  INFO 1213 --- [           main] o.a.maven.surefire.booter.ForkedBooter   : Started ForkedBooter in 6.316 seconds (process running for 9.256)
2023-09-26T01:08:13.346-05:00  INFO 1213 --- [           main] c.a.s.p.i.servlet.AwsServletContext      : Initializing Spring DispatcherServlet 'dispatcherServlet'
2023-09-26T01:08:13.346-05:00  INFO 1213 --- [           main] o.s.web.servlet.DispatcherServlet        : Initializing Servlet 'dispatcherServlet'
2023-09-26T01:08:13.348-05:00  INFO 1213 --- [           main] o.s.web.servlet.DispatcherServlet        : Completed initialization in 1 ms
2023-09-26T01:08:13.629-05:00  INFO 1213 --- [           main] c.a.s.p.internal.LambdaContainerHandler  : 127.0.0.1 null- null [26/09/2023:06:08:13-0500] "GET /ping HTTP/1.1" 200 24 "-" "-" combined
]]></system-out>
  </testcase>
  <testcase name="invalidResource_streamRequest_responds404" classname="com.khoffylabs.StreamLambdaHandlerTest" time="0.016">
    <system-out><![CDATA[2023-09-26T01:08:13.650-05:00  WARN 1213 --- [           main] o.s.web.servlet.PageNotFound             : No mapping for GET /pong
2023-09-26T01:08:13.651-05:00  INFO 1213 --- [           main] c.a.s.p.internal.LambdaContainerHandler  : 127.0.0.1 null- null [26/09/2023:06:08:13-0500] "GET /pong HTTP/1.1" 404 - "-" "-" combined
]]></system-out>
  </testcase>
</testsuite>